[2021-01-04T22:45:31.157] [INFO] payment - Request is valid
[2021-01-04T22:45:41.048] [INFO] payment - Express server listening on port 8002
[2021-01-04T22:45:44.085] [INFO] payment - Request is valid
[2021-01-04T22:51:29.547] [INFO] payment - Request is valid
[2021-01-04T22:53:29.488] [INFO] payment - Express server listening on port 8002
[2021-01-04T22:53:33.547] [INFO] payment - Express server listening on port 8002
[2021-01-04T22:53:38.345] [INFO] payment - Express server listening on port 8002
[2021-01-04T22:53:48.980] [INFO] payment - Request is valid
[2021-01-04T22:54:37.226] [INFO] payment - Express server listening on port 8002
[2021-01-04T22:54:49.348] [INFO] payment - Request is valid
[2021-01-04T22:55:00.269] [INFO] payment - Express server listening on port 8002
[2021-01-04T22:55:27.997] [INFO] payment - Request is valid
[2021-01-04T22:55:57.150] [INFO] payment - Express server listening on port 8002
[2021-01-04T22:56:01.354] [INFO] payment - Request is valid
[2021-01-04T22:56:24.057] [INFO] payment - Request is valid
[2021-01-04T22:56:31.627] [INFO] payment - Request is valid
[2021-01-04T22:56:39.514] [INFO] payment - Request is valid
[2021-01-04T22:56:49.268] [INFO] payment - Express server listening on port 8002
[2021-01-04T22:57:00.099] [INFO] payment - Request is valid
[2021-01-04T22:57:09.941] [INFO] payment - Express server listening on port 8002
[2021-01-04T22:57:12.193] [INFO] payment - Request is valid
[2021-01-04T22:57:13.079] [INFO] payment - Request is valid
[2021-01-04T22:57:17.694] [INFO] payment - Request is valid
[2021-01-04T22:57:20.360] [INFO] payment - Request is valid
[2021-01-04T22:57:36.343] [INFO] payment - Request is valid
[2021-01-04T22:58:27.929] [INFO] payment - Request is valid
[2021-01-04T22:59:29.848] [INFO] payment - Request is valid
[2021-01-04T23:03:08.952] [INFO] payment - Express server listening on port 8002
[2021-01-04T23:03:48.584] [INFO] payment - Express server listening on port 8002
[2021-01-04T23:04:28.074] [INFO] payment - Request is valid
[2021-01-04T23:04:57.621] [INFO] payment - Request is valid
[2021-01-04T23:31:53.189] [INFO] payment - Express server listening on port 8002
[2021-01-04T23:32:04.015] [INFO] payment - Request is valid
[2021-01-04T23:32:15.428] [INFO] payment - Request is invalid ERROR :
{"path":["premium"],"property":"instance.premium","message":"is required","schema":{"required":true,"type":"string"},"name":"required","stack":"instance.premium is required"}
[2021-01-04T23:32:15.429] [ERROR] payment - Error at schema validation
[2021-01-04T23:32:19.800] [INFO] payment - Request is valid
[2021-01-04T23:33:25.588] [INFO] payment - Request is valid
[2021-01-04T23:33:27.607] [INFO] payment - payment details inserted5ff33545d3fd3b1ff86d5409
[2021-01-04T23:33:53.131] [INFO] payment - Request is valid
[2021-01-04T23:34:05.548] [INFO] payment - Request is valid
[2021-01-04T23:34:29.404] [INFO] payment - Request is valid
[2021-01-04T23:34:32.440] [INFO] payment - Request is valid
[2021-01-04T23:34:43.804] [INFO] payment - Request is valid
[2021-01-04T23:38:42.057] [INFO] payment - Express server listening on port 8002
[2021-01-04T23:38:50.121] [INFO] payment - Request is valid
[2021-01-04T23:40:31.234] [INFO] payment - Express server listening on port 8002
[2021-01-04T23:41:59.281] [INFO] payment - Request is valid
