[2021-01-04T23:13:08.169] [INFO] insurance - *** ValidateData.isValidRequestData -- ERROR :
{"path":["age"],"property":"instance.age","message":"is not of a type(s) integer","schema":{"required":true,"type":"integer","minimum":1},"instance":"34","name":"type","argument":["integer"],"stack":"instance.age is not of a type(s) integer"}
[2021-01-04T23:13:08.169] [ERROR] insurance - Error at schema validation
[2021-01-04T23:13:43.946] [INFO] insurance - *** ValidateData.isValidRequestData -- TRUE: 
[2021-01-04T23:13:43.947] [INFO] insurance - Premium calulating for age 34 for slab 18-25 with 10 % = 5500
[2021-01-04T23:13:43.947] [INFO] insurance - Premium calulating for age 34 for slab 26-30 with 10 % = 6050
[2021-01-04T23:13:43.947] [INFO] insurance - Premium calulating for age 34 for slab 31-35 with 10 % = 6655
[2021-01-04T23:13:43.948] [INFO] insurance - Premium calulating for gender Male for slab MALE with 2 % = 6788.1
[2021-01-04T23:13:43.948] [INFO] insurance - Premium calulating for existing condition hypertension with 1 % = 6855.981000000001
[2021-01-04T23:13:43.955] [INFO] insurance - 1 document inserted5ff330a74428bf65ec47ffe0
[2021-01-04T23:14:10.658] [INFO] insurance - Express server listening on port 8001
[2021-01-04T23:14:13.615] [INFO] insurance - *** ValidateData.isValidRequestData -- ERROR :
{"path":["age"],"property":"instance.age","message":"is not of a type(s) integer","schema":{"required":true,"type":"integer","minimum":1},"instance":"34","name":"type","argument":["integer"],"stack":"instance.age is not of a type(s) integer"}
[2021-01-04T23:14:13.616] [ERROR] insurance - Error at schema validation
[2021-01-04T23:14:25.533] [INFO] insurance - *** ValidateData.isValidRequestData -- ERROR :
{"path":["name"],"property":"instance.name","message":"is required","schema":{"required":true,"type":"string"},"name":"required","stack":"instance.name is required"}
[2021-01-04T23:14:25.533] [INFO] insurance - *** ValidateData.isValidRequestData -- ERROR :
{"path":["age"],"property":"instance.age","message":"is required","schema":{"required":true,"type":"integer","minimum":1},"name":"required","stack":"instance.age is required"}
[2021-01-04T23:14:25.533] [INFO] insurance - *** ValidateData.isValidRequestData -- ERROR :
{"path":["gender"],"property":"instance.gender","message":"is required","schema":{"required":true,"type":"string","enum":["Male","Female","Others"]},"name":"required","stack":"instance.gender is required"}
[2021-01-04T23:14:25.533] [ERROR] insurance - Error at schema validation
[2021-01-04T23:15:12.626] [INFO] insurance - Express server listening on port 8001
[2021-01-04T23:15:17.922] [INFO] insurance - *** ValidateData.isValidRequestData -- TRUE: 
[2021-01-04T23:15:17.922] [INFO] insurance - Premium calulating for age 34 for slab 18-25 with 10 % = 5500
[2021-01-04T23:15:17.922] [INFO] insurance - Premium calulating for age 34 for slab 26-30 with 10 % = 6050
[2021-01-04T23:15:17.923] [INFO] insurance - Premium calulating for age 34 for slab 31-35 with 10 % = 6655
[2021-01-04T23:15:17.923] [INFO] insurance - Premium calulating for gender Male for slab MALE with 2 % = 6788.1
[2021-01-04T23:15:17.923] [INFO] insurance - Premium calulating for existing condition hypertension with 1 % = 6855.981000000001
[2021-01-04T23:15:17.929] [INFO] insurance - 1 document inserted5ff331052d754827d888f7b2
[2021-01-04T23:15:48.414] [INFO] insurance - Express server listening on port 8001
[2021-01-04T23:17:25.569] [INFO] insurance - Express server listening on port 8001
[2021-01-04T23:17:29.810] [INFO] insurance - *** ValidateData.isValidRequestData -- TRUE: 
[2021-01-04T23:17:29.810] [INFO] insurance - Premium calulating for age 34 for slab 18-25 with 10 % = 5500
[2021-01-04T23:17:29.810] [INFO] insurance - Premium calulating for age 34 for slab 26-30 with 10 % = 6050
[2021-01-04T23:17:29.811] [INFO] insurance - Premium calulating for age 34 for slab 31-35 with 10 % = 6655
[2021-01-04T23:17:29.811] [INFO] insurance - Premium calulating for gender Male for slab MALE with 2 % = 6788.1
[2021-01-04T23:17:29.811] [INFO] insurance - Premium calulating for existing condition hypertension with 1 % = 6855.981000000001
[2021-01-04T23:17:29.815] [INFO] insurance - 1 document inserted5ff331893201d3658c6a4af9
[2021-01-04T23:17:35.565] [INFO] insurance - *** ValidateData.isValidRequestData -- TRUE: 
[2021-01-04T23:17:35.566] [INFO] insurance - Premium calulating for age 34 for slab 18-25 with 10 % = 5500
[2021-01-04T23:17:35.566] [INFO] insurance - Premium calulating for age 34 for slab 26-30 with 10 % = 6050
[2021-01-04T23:17:35.566] [INFO] insurance - Premium calulating for age 34 for slab 31-35 with 10 % = 6655
[2021-01-04T23:17:35.566] [INFO] insurance - Premium calulating for gender Male for slab MALE with 2 % = 6788.1
[2021-01-04T23:17:35.566] [INFO] insurance - Premium calulating for existing condition hypertension with 1 % = 6855.981000000001
[2021-01-04T23:17:35.571] [INFO] insurance - 1 document inserted5ff3318f3201d3658c6a4afa
[2021-01-04T23:17:36.509] [INFO] insurance - *** ValidateData.isValidRequestData -- TRUE: 
[2021-01-04T23:17:36.510] [INFO] insurance - Premium calulating for age 34 for slab 18-25 with 10 % = 5500
[2021-01-04T23:17:36.510] [INFO] insurance - Premium calulating for age 34 for slab 26-30 with 10 % = 6050
[2021-01-04T23:17:36.510] [INFO] insurance - Premium calulating for age 34 for slab 31-35 with 10 % = 6655
[2021-01-04T23:17:36.510] [INFO] insurance - Premium calulating for gender Male for slab MALE with 2 % = 6788.1
[2021-01-04T23:17:36.510] [INFO] insurance - Premium calulating for existing condition hypertension with 1 % = 6855.981000000001
[2021-01-04T23:17:36.513] [INFO] insurance - 1 document inserted5ff331903201d3658c6a4afb
[2021-01-04T23:17:37.079] [INFO] insurance - *** ValidateData.isValidRequestData -- TRUE: 
[2021-01-04T23:17:37.079] [INFO] insurance - Premium calulating for age 34 for slab 18-25 with 10 % = 5500
[2021-01-04T23:17:37.079] [INFO] insurance - Premium calulating for age 34 for slab 26-30 with 10 % = 6050
[2021-01-04T23:17:37.079] [INFO] insurance - Premium calulating for age 34 for slab 31-35 with 10 % = 6655
[2021-01-04T23:17:37.079] [INFO] insurance - Premium calulating for gender Male for slab MALE with 2 % = 6788.1
[2021-01-04T23:17:37.079] [INFO] insurance - Premium calulating for existing condition hypertension with 1 % = 6855.981000000001
[2021-01-04T23:17:37.081] [INFO] insurance - 1 document inserted5ff331913201d3658c6a4afc
[2021-01-04T23:17:56.606] [INFO] insurance - *** ValidateData.isValidRequestData -- TRUE: 
[2021-01-04T23:17:56.606] [INFO] insurance - Premium calulating for age 34 for slab 18-25 with 10 % = 5500
[2021-01-04T23:17:56.606] [INFO] insurance - Premium calulating for age 34 for slab 26-30 with 10 % = 6050
[2021-01-04T23:17:56.606] [INFO] insurance - Premium calulating for age 34 for slab 31-35 with 10 % = 6655
[2021-01-04T23:17:56.606] [INFO] insurance - Premium calulating for gender Male for slab MALE with 2 % = 6788.1
[2021-01-04T23:17:56.606] [INFO] insurance - Premium calulating for existing condition hypertension with 1 % = 6855.981000000001
[2021-01-04T23:17:56.608] [INFO] insurance - 1 document inserted5ff331a43201d3658c6a4afd
[2021-01-04T23:18:33.138] [INFO] insurance - Express server listening on port 8001
[2021-01-04T23:18:38.671] [INFO] insurance - *** ValidateData.isValidRequestData -- TRUE: 
[2021-01-04T23:18:38.672] [INFO] insurance - Premium calulating for age 34 for slab 18-25 with 10 % = 5500
[2021-01-04T23:18:38.672] [INFO] insurance - Premium calulating for age 34 for slab 26-30 with 10 % = 6050
[2021-01-04T23:18:38.672] [INFO] insurance - Premium calulating for age 34 for slab 31-35 with 10 % = 6655
[2021-01-04T23:18:38.672] [INFO] insurance - Premium calulating for gender Male for slab MALE with 2 % = 6788.1
[2021-01-04T23:18:38.672] [INFO] insurance - Premium calulating for existing condition hypertension with 1 % = 6855.981000000001
[2021-01-04T23:18:38.678] [INFO] insurance - 1 document inserted5ff331ce9480f069647ce1c7
[2021-01-04T23:18:40.079] [INFO] insurance - *** ValidateData.isValidRequestData -- TRUE: 
[2021-01-04T23:18:40.079] [INFO] insurance - Premium calulating for age 34 for slab 18-25 with 10 % = 5500
[2021-01-04T23:18:40.079] [INFO] insurance - Premium calulating for age 34 for slab 26-30 with 10 % = 6050
[2021-01-04T23:18:40.080] [INFO] insurance - Premium calulating for age 34 for slab 31-35 with 10 % = 6655
[2021-01-04T23:18:40.080] [INFO] insurance - Premium calulating for gender Male for slab MALE with 2 % = 6788.1
[2021-01-04T23:18:40.080] [INFO] insurance - Premium calulating for existing condition hypertension with 1 % = 6855.981000000001
[2021-01-04T23:18:40.086] [INFO] insurance - 1 document inserted5ff331d09480f069647ce1c8
[2021-01-04T23:18:40.693] [INFO] insurance - *** ValidateData.isValidRequestData -- TRUE: 
[2021-01-04T23:18:40.693] [INFO] insurance - Premium calulating for age 34 for slab 18-25 with 10 % = 5500
[2021-01-04T23:18:40.693] [INFO] insurance - Premium calulating for age 34 for slab 26-30 with 10 % = 6050
[2021-01-04T23:18:40.693] [INFO] insurance - Premium calulating for age 34 for slab 31-35 with 10 % = 6655
[2021-01-04T23:18:40.693] [INFO] insurance - Premium calulating for gender Male for slab MALE with 2 % = 6788.1
[2021-01-04T23:18:40.693] [INFO] insurance - Premium calulating for existing condition hypertension with 1 % = 6855.981000000001
[2021-01-04T23:18:40.696] [INFO] insurance - 1 document inserted5ff331d09480f069647ce1c9
[2021-01-04T23:18:40.840] [INFO] insurance - *** ValidateData.isValidRequestData -- TRUE: 
[2021-01-04T23:18:40.840] [INFO] insurance - Premium calulating for age 34 for slab 18-25 with 10 % = 5500
[2021-01-04T23:18:40.840] [INFO] insurance - Premium calulating for age 34 for slab 26-30 with 10 % = 6050
[2021-01-04T23:18:40.840] [INFO] insurance - Premium calulating for age 34 for slab 31-35 with 10 % = 6655
[2021-01-04T23:18:40.840] [INFO] insurance - Premium calulating for gender Male for slab MALE with 2 % = 6788.1
[2021-01-04T23:18:40.841] [INFO] insurance - Premium calulating for existing condition hypertension with 1 % = 6855.981000000001
[2021-01-04T23:18:40.843] [INFO] insurance - 1 document inserted5ff331d09480f069647ce1ca
[2021-01-04T23:18:41.001] [INFO] insurance - *** ValidateData.isValidRequestData -- TRUE: 
[2021-01-04T23:18:41.002] [INFO] insurance - Premium calulating for age 34 for slab 18-25 with 10 % = 5500
[2021-01-04T23:18:41.002] [INFO] insurance - Premium calulating for age 34 for slab 26-30 with 10 % = 6050
[2021-01-04T23:18:41.002] [INFO] insurance - Premium calulating for age 34 for slab 31-35 with 10 % = 6655
[2021-01-04T23:18:41.002] [INFO] insurance - Premium calulating for gender Male for slab MALE with 2 % = 6788.1
[2021-01-04T23:18:41.002] [INFO] insurance - Premium calulating for existing condition hypertension with 1 % = 6855.981000000001
[2021-01-04T23:18:41.005] [INFO] insurance - 1 document inserted5ff331d19480f069647ce1cb
[2021-01-04T23:18:41.223] [INFO] insurance - *** ValidateData.isValidRequestData -- TRUE: 
[2021-01-04T23:18:41.223] [INFO] insurance - Premium calulating for age 34 for slab 18-25 with 10 % = 5500
[2021-01-04T23:18:41.223] [INFO] insurance - Premium calulating for age 34 for slab 26-30 with 10 % = 6050
[2021-01-04T23:18:41.223] [INFO] insurance - Premium calulating for age 34 for slab 31-35 with 10 % = 6655
[2021-01-04T23:18:41.223] [INFO] insurance - Premium calulating for gender Male for slab MALE with 2 % = 6788.1
[2021-01-04T23:18:41.224] [INFO] insurance - Premium calulating for existing condition hypertension with 1 % = 6855.981000000001
[2021-01-04T23:18:41.226] [INFO] insurance - 1 document inserted5ff331d19480f069647ce1cc
[2021-01-04T23:18:44.983] [INFO] insurance - *** ValidateData.isValidRequestData -- TRUE: 
[2021-01-04T23:18:44.983] [INFO] insurance - Premium calulating for age 34 for slab 18-25 with 10 % = 5500
[2021-01-04T23:18:44.983] [INFO] insurance - Premium calulating for age 34 for slab 26-30 with 10 % = 6050
[2021-01-04T23:18:44.983] [INFO] insurance - Premium calulating for age 34 for slab 31-35 with 10 % = 6655
[2021-01-04T23:18:44.983] [INFO] insurance - Premium calulating for gender Male for slab MALE with 2 % = 6788.1
[2021-01-04T23:18:44.983] [INFO] insurance - Premium calulating for existing condition hypertension with 1 % = 6855.981000000001
[2021-01-04T23:18:44.986] [INFO] insurance - 1 document inserted5ff331d49480f069647ce1cd
[2021-01-04T23:18:45.708] [INFO] insurance - *** ValidateData.isValidRequestData -- TRUE: 
[2021-01-04T23:18:45.708] [INFO] insurance - Premium calulating for age 34 for slab 18-25 with 10 % = 5500
[2021-01-04T23:18:45.708] [INFO] insurance - Premium calulating for age 34 for slab 26-30 with 10 % = 6050
[2021-01-04T23:18:45.708] [INFO] insurance - Premium calulating for age 34 for slab 31-35 with 10 % = 6655
[2021-01-04T23:18:45.708] [INFO] insurance - Premium calulating for gender Male for slab MALE with 2 % = 6788.1
[2021-01-04T23:18:45.708] [INFO] insurance - Premium calulating for existing condition hypertension with 1 % = 6855.981000000001
[2021-01-04T23:18:45.710] [INFO] insurance - 1 document inserted5ff331d59480f069647ce1ce
[2021-01-04T23:18:46.190] [INFO] insurance - *** ValidateData.isValidRequestData -- TRUE: 
[2021-01-04T23:18:46.190] [INFO] insurance - Premium calulating for age 34 for slab 18-25 with 10 % = 5500
[2021-01-04T23:18:46.190] [INFO] insurance - Premium calulating for age 34 for slab 26-30 with 10 % = 6050
[2021-01-04T23:18:46.190] [INFO] insurance - Premium calulating for age 34 for slab 31-35 with 10 % = 6655
[2021-01-04T23:18:46.190] [INFO] insurance - Premium calulating for gender Male for slab MALE with 2 % = 6788.1
[2021-01-04T23:18:46.190] [INFO] insurance - Premium calulating for existing condition hypertension with 1 % = 6855.981000000001
[2021-01-04T23:18:46.192] [INFO] insurance - 1 document inserted5ff331d69480f069647ce1cf
[2021-01-04T23:18:55.905] [INFO] insurance - *** ValidateData.isValidRequestData -- TRUE: 
[2021-01-04T23:18:55.906] [INFO] insurance - Premium calulating for age 34 for slab 18-25 with 10 % = 5500
[2021-01-04T23:18:55.906] [INFO] insurance - Premium calulating for age 34 for slab 26-30 with 10 % = 6050
[2021-01-04T23:18:55.906] [INFO] insurance - Premium calulating for age 34 for slab 31-35 with 10 % = 6655
[2021-01-04T23:18:55.906] [INFO] insurance - Premium calulating for gender Male for slab MALE with 2 % = 6788.1
[2021-01-04T23:18:55.906] [INFO] insurance - Premium calulating for existing condition hypertension with 1 % = 6855.981000000001
[2021-01-04T23:18:55.908] [INFO] insurance - 1 document inserted5ff331df9480f069647ce1d0
[2021-01-04T23:18:56.911] [INFO] insurance - *** ValidateData.isValidRequestData -- TRUE: 
[2021-01-04T23:18:56.911] [INFO] insurance - Premium calulating for age 34 for slab 18-25 with 10 % = 5500
[2021-01-04T23:18:56.911] [INFO] insurance - Premium calulating for age 34 for slab 26-30 with 10 % = 6050
[2021-01-04T23:18:56.911] [INFO] insurance - Premium calulating for age 34 for slab 31-35 with 10 % = 6655
[2021-01-04T23:18:56.911] [INFO] insurance - Premium calulating for gender Male for slab MALE with 2 % = 6788.1
[2021-01-04T23:18:56.911] [INFO] insurance - Premium calulating for existing condition hypertension with 1 % = 6855.981000000001
[2021-01-04T23:18:56.914] [INFO] insurance - 1 document inserted5ff331e09480f069647ce1d1
[2021-01-04T23:18:57.434] [INFO] insurance - *** ValidateData.isValidRequestData -- TRUE: 
[2021-01-04T23:18:57.434] [INFO] insurance - Premium calulating for age 34 for slab 18-25 with 10 % = 5500
[2021-01-04T23:18:57.434] [INFO] insurance - Premium calulating for age 34 for slab 26-30 with 10 % = 6050
[2021-01-04T23:18:57.434] [INFO] insurance - Premium calulating for age 34 for slab 31-35 with 10 % = 6655
[2021-01-04T23:18:57.435] [INFO] insurance - Premium calulating for gender Male for slab MALE with 2 % = 6788.1
[2021-01-04T23:18:57.435] [INFO] insurance - Premium calulating for existing condition hypertension with 1 % = 6855.981000000001
[2021-01-04T23:18:57.438] [INFO] insurance - 1 document inserted5ff331e19480f069647ce1d2
[2021-01-04T23:18:58.423] [INFO] insurance - *** ValidateData.isValidRequestData -- TRUE: 
[2021-01-04T23:18:58.423] [INFO] insurance - Premium calulating for age 34 for slab 18-25 with 10 % = 5500
[2021-01-04T23:18:58.423] [INFO] insurance - Premium calulating for age 34 for slab 26-30 with 10 % = 6050
[2021-01-04T23:18:58.423] [INFO] insurance - Premium calulating for age 34 for slab 31-35 with 10 % = 6655
[2021-01-04T23:18:58.423] [INFO] insurance - Premium calulating for gender Male for slab MALE with 2 % = 6788.1
[2021-01-04T23:18:58.423] [INFO] insurance - Premium calulating for existing condition hypertension with 1 % = 6855.981000000001
[2021-01-04T23:18:58.425] [INFO] insurance - 1 document inserted5ff331e29480f069647ce1d3
[2021-01-04T23:18:58.552] [INFO] insurance - *** ValidateData.isValidRequestData -- TRUE: 
[2021-01-04T23:18:58.553] [INFO] insurance - Premium calulating for age 34 for slab 18-25 with 10 % = 5500
[2021-01-04T23:18:58.553] [INFO] insurance - Premium calulating for age 34 for slab 26-30 with 10 % = 6050
[2021-01-04T23:18:58.553] [INFO] insurance - Premium calulating for age 34 for slab 31-35 with 10 % = 6655
[2021-01-04T23:18:58.553] [INFO] insurance - Premium calulating for gender Male for slab MALE with 2 % = 6788.1
[2021-01-04T23:18:58.553] [INFO] insurance - Premium calulating for existing condition hypertension with 1 % = 6855.981000000001
[2021-01-04T23:18:58.555] [INFO] insurance - 1 document inserted5ff331e29480f069647ce1d4
[2021-01-04T23:18:58.698] [INFO] insurance - *** ValidateData.isValidRequestData -- TRUE: 
[2021-01-04T23:18:58.698] [INFO] insurance - Premium calulating for age 34 for slab 18-25 with 10 % = 5500
[2021-01-04T23:18:58.698] [INFO] insurance - Premium calulating for age 34 for slab 26-30 with 10 % = 6050
[2021-01-04T23:18:58.698] [INFO] insurance - Premium calulating for age 34 for slab 31-35 with 10 % = 6655
[2021-01-04T23:18:58.698] [INFO] insurance - Premium calulating for gender Male for slab MALE with 2 % = 6788.1
[2021-01-04T23:18:58.699] [INFO] insurance - Premium calulating for existing condition hypertension with 1 % = 6855.981000000001
[2021-01-04T23:18:58.702] [INFO] insurance - 1 document inserted5ff331e29480f069647ce1d5
[2021-01-04T23:18:58.843] [INFO] insurance - *** ValidateData.isValidRequestData -- TRUE: 
[2021-01-04T23:18:58.843] [INFO] insurance - Premium calulating for age 34 for slab 18-25 with 10 % = 5500
[2021-01-04T23:18:58.843] [INFO] insurance - Premium calulating for age 34 for slab 26-30 with 10 % = 6050
[2021-01-04T23:18:58.843] [INFO] insurance - Premium calulating for age 34 for slab 31-35 with 10 % = 6655
[2021-01-04T23:18:58.843] [INFO] insurance - Premium calulating for gender Male for slab MALE with 2 % = 6788.1
[2021-01-04T23:18:58.844] [INFO] insurance - Premium calulating for existing condition hypertension with 1 % = 6855.981000000001
[2021-01-04T23:18:58.846] [INFO] insurance - 1 document inserted5ff331e29480f069647ce1d6
[2021-01-04T23:18:59.047] [INFO] insurance - *** ValidateData.isValidRequestData -- TRUE: 
[2021-01-04T23:18:59.047] [INFO] insurance - Premium calulating for age 34 for slab 18-25 with 10 % = 5500
[2021-01-04T23:18:59.047] [INFO] insurance - Premium calulating for age 34 for slab 26-30 with 10 % = 6050
[2021-01-04T23:18:59.048] [INFO] insurance - Premium calulating for age 34 for slab 31-35 with 10 % = 6655
[2021-01-04T23:18:59.048] [INFO] insurance - Premium calulating for gender Male for slab MALE with 2 % = 6788.1
[2021-01-04T23:18:59.048] [INFO] insurance - Premium calulating for existing condition hypertension with 1 % = 6855.981000000001
[2021-01-04T23:18:59.051] [INFO] insurance - 1 document inserted5ff331e39480f069647ce1d7
[2021-01-04T23:19:05.703] [INFO] insurance - Express server listening on port 8001
[2021-01-04T23:19:41.130] [INFO] insurance - *** ValidateData.isValidRequestData -- TRUE: 
[2021-01-04T23:19:41.130] [INFO] insurance - Premium calulating for age 34 for slab 18-25 with 10 % = 5500
[2021-01-04T23:19:41.131] [INFO] insurance - Premium calulating for age 34 for slab 26-30 with 10 % = 6050
[2021-01-04T23:19:41.131] [INFO] insurance - Premium calulating for age 34 for slab 31-35 with 10 % = 6655
[2021-01-04T23:19:41.132] [INFO] insurance - Premium calulating for gender Male for slab MALE with 2 % = 6788.1
[2021-01-04T23:19:41.132] [INFO] insurance - Premium calulating for existing condition hypertension with 1 % = 6855.981000000001
[2021-01-04T23:19:41.138] [INFO] insurance - 1 document inserted5ff3320d230b303f5463af8d
[2021-01-04T23:19:42.391] [INFO] insurance - *** ValidateData.isValidRequestData -- TRUE: 
[2021-01-04T23:19:42.391] [INFO] insurance - Premium calulating for age 34 for slab 18-25 with 10 % = 5500
[2021-01-04T23:19:42.391] [INFO] insurance - Premium calulating for age 34 for slab 26-30 with 10 % = 6050
[2021-01-04T23:19:42.391] [INFO] insurance - Premium calulating for age 34 for slab 31-35 with 10 % = 6655
[2021-01-04T23:19:42.391] [INFO] insurance - Premium calulating for gender Male for slab MALE with 2 % = 6788.1
[2021-01-04T23:19:42.391] [INFO] insurance - Premium calulating for existing condition hypertension with 1 % = 6855.981000000001
[2021-01-04T23:19:42.393] [INFO] insurance - 1 document inserted5ff3320e230b303f5463af8e
[2021-01-04T23:19:43.021] [INFO] insurance - *** ValidateData.isValidRequestData -- TRUE: 
[2021-01-04T23:19:43.021] [INFO] insurance - Premium calulating for age 34 for slab 18-25 with 10 % = 5500
[2021-01-04T23:19:43.021] [INFO] insurance - Premium calulating for age 34 for slab 26-30 with 10 % = 6050
[2021-01-04T23:19:43.021] [INFO] insurance - Premium calulating for age 34 for slab 31-35 with 10 % = 6655
[2021-01-04T23:19:43.021] [INFO] insurance - Premium calulating for gender Male for slab MALE with 2 % = 6788.1
[2021-01-04T23:19:43.021] [INFO] insurance - Premium calulating for existing condition hypertension with 1 % = 6855.981000000001
[2021-01-04T23:19:43.023] [INFO] insurance - 1 document inserted5ff3320f230b303f5463af8f
[2021-01-04T23:19:43.217] [INFO] insurance - *** ValidateData.isValidRequestData -- TRUE: 
[2021-01-04T23:19:43.217] [INFO] insurance - Premium calulating for age 34 for slab 18-25 with 10 % = 5500
[2021-01-04T23:19:43.217] [INFO] insurance - Premium calulating for age 34 for slab 26-30 with 10 % = 6050
[2021-01-04T23:19:43.217] [INFO] insurance - Premium calulating for age 34 for slab 31-35 with 10 % = 6655
[2021-01-04T23:19:43.217] [INFO] insurance - Premium calulating for gender Male for slab MALE with 2 % = 6788.1
[2021-01-04T23:19:43.217] [INFO] insurance - Premium calulating for existing condition hypertension with 1 % = 6855.981000000001
[2021-01-04T23:19:43.219] [INFO] insurance - 1 document inserted5ff3320f230b303f5463af90
[2021-01-04T23:19:43.413] [INFO] insurance - *** ValidateData.isValidRequestData -- TRUE: 
[2021-01-04T23:19:43.413] [INFO] insurance - Premium calulating for age 34 for slab 18-25 with 10 % = 5500
[2021-01-04T23:19:43.413] [INFO] insurance - Premium calulating for age 34 for slab 26-30 with 10 % = 6050
[2021-01-04T23:19:43.414] [INFO] insurance - Premium calulating for age 34 for slab 31-35 with 10 % = 6655
[2021-01-04T23:19:43.414] [INFO] insurance - Premium calulating for gender Male for slab MALE with 2 % = 6788.1
[2021-01-04T23:19:43.414] [INFO] insurance - Premium calulating for existing condition hypertension with 1 % = 6855.981000000001
[2021-01-04T23:19:43.417] [INFO] insurance - 1 document inserted5ff3320f230b303f5463af91
[2021-01-04T23:19:43.617] [INFO] insurance - *** ValidateData.isValidRequestData -- TRUE: 
[2021-01-04T23:19:43.617] [INFO] insurance - Premium calulating for age 34 for slab 18-25 with 10 % = 5500
[2021-01-04T23:19:43.617] [INFO] insurance - Premium calulating for age 34 for slab 26-30 with 10 % = 6050
[2021-01-04T23:19:43.617] [INFO] insurance - Premium calulating for age 34 for slab 31-35 with 10 % = 6655
[2021-01-04T23:19:43.617] [INFO] insurance - Premium calulating for gender Male for slab MALE with 2 % = 6788.1
[2021-01-04T23:19:43.618] [INFO] insurance - Premium calulating for existing condition hypertension with 1 % = 6855.981000000001
[2021-01-04T23:19:43.620] [INFO] insurance - 1 document inserted5ff3320f230b303f5463af92
[2021-01-04T23:19:43.801] [INFO] insurance - *** ValidateData.isValidRequestData -- TRUE: 
[2021-01-04T23:19:43.801] [INFO] insurance - Premium calulating for age 34 for slab 18-25 with 10 % = 5500
[2021-01-04T23:19:43.801] [INFO] insurance - Premium calulating for age 34 for slab 26-30 with 10 % = 6050
[2021-01-04T23:19:43.801] [INFO] insurance - Premium calulating for age 34 for slab 31-35 with 10 % = 6655
[2021-01-04T23:19:43.801] [INFO] insurance - Premium calulating for gender Male for slab MALE with 2 % = 6788.1
[2021-01-04T23:19:43.802] [INFO] insurance - Premium calulating for existing condition hypertension with 1 % = 6855.981000000001
[2021-01-04T23:19:43.803] [INFO] insurance - 1 document inserted5ff3320f230b303f5463af93
[2021-01-04T23:19:45.372] [INFO] insurance - *** ValidateData.isValidRequestData -- TRUE: 
[2021-01-04T23:19:45.372] [INFO] insurance - Premium calulating for age 34 for slab 18-25 with 10 % = 5500
[2021-01-04T23:19:45.372] [INFO] insurance - Premium calulating for age 34 for slab 26-30 with 10 % = 6050
[2021-01-04T23:19:45.372] [INFO] insurance - Premium calulating for age 34 for slab 31-35 with 10 % = 6655
[2021-01-04T23:19:45.372] [INFO] insurance - Premium calulating for gender Male for slab MALE with 2 % = 6788.1
[2021-01-04T23:19:45.372] [INFO] insurance - Premium calulating for existing condition hypertension with 1 % = 6855.981000000001
[2021-01-04T23:19:45.375] [INFO] insurance - 1 document inserted5ff33211230b303f5463af94
[2021-01-04T23:19:45.750] [INFO] insurance - *** ValidateData.isValidRequestData -- TRUE: 
[2021-01-04T23:19:45.750] [INFO] insurance - Premium calulating for age 34 for slab 18-25 with 10 % = 5500
[2021-01-04T23:19:45.750] [INFO] insurance - Premium calulating for age 34 for slab 26-30 with 10 % = 6050
[2021-01-04T23:19:45.750] [INFO] insurance - Premium calulating for age 34 for slab 31-35 with 10 % = 6655
[2021-01-04T23:19:45.750] [INFO] insurance - Premium calulating for gender Male for slab MALE with 2 % = 6788.1
[2021-01-04T23:19:45.750] [INFO] insurance - Premium calulating for existing condition hypertension with 1 % = 6855.981000000001
[2021-01-04T23:19:45.753] [INFO] insurance - 1 document inserted5ff33211230b303f5463af95
[2021-01-04T23:19:46.000] [INFO] insurance - *** ValidateData.isValidRequestData -- TRUE: 
[2021-01-04T23:19:46.000] [INFO] insurance - Premium calulating for age 34 for slab 18-25 with 10 % = 5500
[2021-01-04T23:19:46.000] [INFO] insurance - Premium calulating for age 34 for slab 26-30 with 10 % = 6050
[2021-01-04T23:19:46.001] [INFO] insurance - Premium calulating for age 34 for slab 31-35 with 10 % = 6655
[2021-01-04T23:19:46.001] [INFO] insurance - Premium calulating for gender Male for slab MALE with 2 % = 6788.1
[2021-01-04T23:19:46.001] [INFO] insurance - Premium calulating for existing condition hypertension with 1 % = 6855.981000000001
[2021-01-04T23:19:46.004] [INFO] insurance - 1 document inserted5ff33212230b303f5463af96
[2021-01-04T23:19:46.192] [INFO] insurance - *** ValidateData.isValidRequestData -- TRUE: 
[2021-01-04T23:19:46.192] [INFO] insurance - Premium calulating for age 34 for slab 18-25 with 10 % = 5500
[2021-01-04T23:19:46.192] [INFO] insurance - Premium calulating for age 34 for slab 26-30 with 10 % = 6050
[2021-01-04T23:19:46.192] [INFO] insurance - Premium calulating for age 34 for slab 31-35 with 10 % = 6655
[2021-01-04T23:19:46.192] [INFO] insurance - Premium calulating for gender Male for slab MALE with 2 % = 6788.1
[2021-01-04T23:19:46.192] [INFO] insurance - Premium calulating for existing condition hypertension with 1 % = 6855.981000000001
[2021-01-04T23:19:46.195] [INFO] insurance - 1 document inserted5ff33212230b303f5463af97
[2021-01-04T23:19:46.388] [INFO] insurance - *** ValidateData.isValidRequestData -- TRUE: 
[2021-01-04T23:19:46.388] [INFO] insurance - Premium calulating for age 34 for slab 18-25 with 10 % = 5500
[2021-01-04T23:19:46.388] [INFO] insurance - Premium calulating for age 34 for slab 26-30 with 10 % = 6050
[2021-01-04T23:19:46.388] [INFO] insurance - Premium calulating for age 34 for slab 31-35 with 10 % = 6655
[2021-01-04T23:19:46.388] [INFO] insurance - Premium calulating for gender Male for slab MALE with 2 % = 6788.1
[2021-01-04T23:19:46.388] [INFO] insurance - Premium calulating for existing condition hypertension with 1 % = 6855.981000000001
[2021-01-04T23:19:46.390] [INFO] insurance - 1 document inserted5ff33212230b303f5463af98
[2021-01-04T23:19:46.558] [INFO] insurance - *** ValidateData.isValidRequestData -- TRUE: 
[2021-01-04T23:19:46.559] [INFO] insurance - Premium calulating for age 34 for slab 18-25 with 10 % = 5500
[2021-01-04T23:19:46.559] [INFO] insurance - Premium calulating for age 34 for slab 26-30 with 10 % = 6050
[2021-01-04T23:19:46.559] [INFO] insurance - Premium calulating for age 34 for slab 31-35 with 10 % = 6655
[2021-01-04T23:19:46.559] [INFO] insurance - Premium calulating for gender Male for slab MALE with 2 % = 6788.1
[2021-01-04T23:19:46.559] [INFO] insurance - Premium calulating for existing condition hypertension with 1 % = 6855.981000000001
[2021-01-04T23:19:46.563] [INFO] insurance - 1 document inserted5ff33212230b303f5463af99
[2021-01-04T23:19:46.768] [INFO] insurance - *** ValidateData.isValidRequestData -- TRUE: 
[2021-01-04T23:19:46.768] [INFO] insurance - Premium calulating for age 34 for slab 18-25 with 10 % = 5500
[2021-01-04T23:19:46.768] [INFO] insurance - Premium calulating for age 34 for slab 26-30 with 10 % = 6050
[2021-01-04T23:19:46.768] [INFO] insurance - Premium calulating for age 34 for slab 31-35 with 10 % = 6655
[2021-01-04T23:19:46.768] [INFO] insurance - Premium calulating for gender Male for slab MALE with 2 % = 6788.1
[2021-01-04T23:19:46.768] [INFO] insurance - Premium calulating for existing condition hypertension with 1 % = 6855.981000000001
[2021-01-04T23:19:46.769] [INFO] insurance - 1 document inserted5ff33212230b303f5463af9a
[2021-01-04T23:20:08.202] [INFO] insurance - Express server listening on port 8001
[2021-01-04T23:20:12.131] [INFO] insurance - *** ValidateData.isValidRequestData -- TRUE: 
[2021-01-04T23:20:12.132] [INFO] insurance - Premium calulating for age 34 for slab 18-25 with 10 % = 5500
[2021-01-04T23:20:12.132] [INFO] insurance - Premium calulating for age 34 for slab 26-30 with 10 % = 6050
[2021-01-04T23:20:12.132] [INFO] insurance - Premium calulating for age 34 for slab 31-35 with 10 % = 6655
[2021-01-04T23:20:12.132] [INFO] insurance - Premium calulating for gender Male for slab MALE with 2 % = 6788.1
[2021-01-04T23:20:12.133] [INFO] insurance - Premium calulating for existing condition hypertension with 1 % = 6855.981000000001
[2021-01-04T23:20:12.138] [INFO] insurance - 1 document inserted5ff3322ce2a02c2ad89b7e3a
[2021-01-04T23:20:13.203] [INFO] insurance - *** ValidateData.isValidRequestData -- TRUE: 
[2021-01-04T23:20:13.203] [INFO] insurance - Premium calulating for age 34 for slab 18-25 with 10 % = 5500
[2021-01-04T23:20:13.203] [INFO] insurance - Premium calulating for age 34 for slab 26-30 with 10 % = 6050
[2021-01-04T23:20:13.203] [INFO] insurance - Premium calulating for age 34 for slab 31-35 with 10 % = 6655
[2021-01-04T23:20:13.203] [INFO] insurance - Premium calulating for gender Male for slab MALE with 2 % = 6788.1
[2021-01-04T23:20:13.204] [INFO] insurance - Premium calulating for existing condition hypertension with 1 % = 6855.981000000001
[2021-01-04T23:20:13.208] [INFO] insurance - 1 document inserted5ff3322de2a02c2ad89b7e3b
[2021-01-04T23:20:13.859] [INFO] insurance - *** ValidateData.isValidRequestData -- TRUE: 
[2021-01-04T23:20:13.859] [INFO] insurance - Premium calulating for age 34 for slab 18-25 with 10 % = 5500
[2021-01-04T23:20:13.859] [INFO] insurance - Premium calulating for age 34 for slab 26-30 with 10 % = 6050
[2021-01-04T23:20:13.860] [INFO] insurance - Premium calulating for age 34 for slab 31-35 with 10 % = 6655
[2021-01-04T23:20:13.860] [INFO] insurance - Premium calulating for gender Male for slab MALE with 2 % = 6788.1
[2021-01-04T23:20:13.860] [INFO] insurance - Premium calulating for existing condition hypertension with 1 % = 6855.981000000001
[2021-01-04T23:20:13.862] [INFO] insurance - 1 document inserted5ff3322de2a02c2ad89b7e3c
[2021-01-04T23:20:14.210] [INFO] insurance - *** ValidateData.isValidRequestData -- TRUE: 
[2021-01-04T23:20:14.210] [INFO] insurance - Premium calulating for age 34 for slab 18-25 with 10 % = 5500
[2021-01-04T23:20:14.210] [INFO] insurance - Premium calulating for age 34 for slab 26-30 with 10 % = 6050
[2021-01-04T23:20:14.210] [INFO] insurance - Premium calulating for age 34 for slab 31-35 with 10 % = 6655
[2021-01-04T23:20:14.210] [INFO] insurance - Premium calulating for gender Male for slab MALE with 2 % = 6788.1
[2021-01-04T23:20:14.211] [INFO] insurance - Premium calulating for existing condition hypertension with 1 % = 6855.981000000001
[2021-01-04T23:20:14.212] [INFO] insurance - 1 document inserted5ff3322ee2a02c2ad89b7e3d
[2021-01-04T23:20:14.527] [INFO] insurance - *** ValidateData.isValidRequestData -- TRUE: 
[2021-01-04T23:20:14.527] [INFO] insurance - Premium calulating for age 34 for slab 18-25 with 10 % = 5500
[2021-01-04T23:20:14.527] [INFO] insurance - Premium calulating for age 34 for slab 26-30 with 10 % = 6050
[2021-01-04T23:20:14.528] [INFO] insurance - Premium calulating for age 34 for slab 31-35 with 10 % = 6655
[2021-01-04T23:20:14.528] [INFO] insurance - Premium calulating for gender Male for slab MALE with 2 % = 6788.1
[2021-01-04T23:20:14.528] [INFO] insurance - Premium calulating for existing condition hypertension with 1 % = 6855.981000000001
[2021-01-04T23:20:14.530] [INFO] insurance - 1 document inserted5ff3322ee2a02c2ad89b7e3e
[2021-01-04T23:20:14.700] [INFO] insurance - *** ValidateData.isValidRequestData -- TRUE: 
[2021-01-04T23:20:14.700] [INFO] insurance - Premium calulating for age 34 for slab 18-25 with 10 % = 5500
[2021-01-04T23:20:14.700] [INFO] insurance - Premium calulating for age 34 for slab 26-30 with 10 % = 6050
[2021-01-04T23:20:14.700] [INFO] insurance - Premium calulating for age 34 for slab 31-35 with 10 % = 6655
[2021-01-04T23:20:14.700] [INFO] insurance - Premium calulating for gender Male for slab MALE with 2 % = 6788.1
[2021-01-04T23:20:14.700] [INFO] insurance - Premium calulating for existing condition hypertension with 1 % = 6855.981000000001
[2021-01-04T23:20:14.702] [INFO] insurance - 1 document inserted5ff3322ee2a02c2ad89b7e3f
[2021-01-04T23:20:14.844] [INFO] insurance - *** ValidateData.isValidRequestData -- TRUE: 
[2021-01-04T23:20:14.844] [INFO] insurance - Premium calulating for age 34 for slab 18-25 with 10 % = 5500
[2021-01-04T23:20:14.844] [INFO] insurance - Premium calulating for age 34 for slab 26-30 with 10 % = 6050
[2021-01-04T23:20:14.844] [INFO] insurance - Premium calulating for age 34 for slab 31-35 with 10 % = 6655
[2021-01-04T23:20:14.844] [INFO] insurance - Premium calulating for gender Male for slab MALE with 2 % = 6788.1
[2021-01-04T23:20:14.844] [INFO] insurance - Premium calulating for existing condition hypertension with 1 % = 6855.981000000001
[2021-01-04T23:20:14.849] [INFO] insurance - 1 document inserted5ff3322ee2a02c2ad89b7e40
[2021-01-04T23:20:14.983] [INFO] insurance - *** ValidateData.isValidRequestData -- TRUE: 
[2021-01-04T23:20:14.983] [INFO] insurance - Premium calulating for age 34 for slab 18-25 with 10 % = 5500
[2021-01-04T23:20:14.983] [INFO] insurance - Premium calulating for age 34 for slab 26-30 with 10 % = 6050
[2021-01-04T23:20:14.984] [INFO] insurance - Premium calulating for age 34 for slab 31-35 with 10 % = 6655
[2021-01-04T23:20:14.984] [INFO] insurance - Premium calulating for gender Male for slab MALE with 2 % = 6788.1
[2021-01-04T23:20:14.984] [INFO] insurance - Premium calulating for existing condition hypertension with 1 % = 6855.981000000001
[2021-01-04T23:20:14.989] [INFO] insurance - 1 document inserted5ff3322ee2a02c2ad89b7e41
[2021-01-04T23:20:15.120] [INFO] insurance - *** ValidateData.isValidRequestData -- TRUE: 
[2021-01-04T23:20:15.120] [INFO] insurance - Premium calulating for age 34 for slab 18-25 with 10 % = 5500
[2021-01-04T23:20:15.120] [INFO] insurance - Premium calulating for age 34 for slab 26-30 with 10 % = 6050
[2021-01-04T23:20:15.120] [INFO] insurance - Premium calulating for age 34 for slab 31-35 with 10 % = 6655
[2021-01-04T23:20:15.120] [INFO] insurance - Premium calulating for gender Male for slab MALE with 2 % = 6788.1
[2021-01-04T23:20:15.120] [INFO] insurance - Premium calulating for existing condition hypertension with 1 % = 6855.981000000001
[2021-01-04T23:20:15.123] [INFO] insurance - 1 document inserted5ff3322fe2a02c2ad89b7e42
[2021-01-04T23:20:15.277] [INFO] insurance - *** ValidateData.isValidRequestData -- TRUE: 
[2021-01-04T23:20:15.277] [INFO] insurance - Premium calulating for age 34 for slab 18-25 with 10 % = 5500
[2021-01-04T23:20:15.277] [INFO] insurance - Premium calulating for age 34 for slab 26-30 with 10 % = 6050
[2021-01-04T23:20:15.277] [INFO] insurance - Premium calulating for age 34 for slab 31-35 with 10 % = 6655
[2021-01-04T23:20:15.277] [INFO] insurance - Premium calulating for gender Male for slab MALE with 2 % = 6788.1
[2021-01-04T23:20:15.277] [INFO] insurance - Premium calulating for existing condition hypertension with 1 % = 6855.981000000001
[2021-01-04T23:20:15.278] [INFO] insurance - 1 document inserted5ff3322fe2a02c2ad89b7e43
[2021-01-04T23:20:15.419] [INFO] insurance - *** ValidateData.isValidRequestData -- TRUE: 
[2021-01-04T23:20:15.419] [INFO] insurance - Premium calulating for age 34 for slab 18-25 with 10 % = 5500
[2021-01-04T23:20:15.420] [INFO] insurance - Premium calulating for age 34 for slab 26-30 with 10 % = 6050
[2021-01-04T23:20:15.420] [INFO] insurance - Premium calulating for age 34 for slab 31-35 with 10 % = 6655
[2021-01-04T23:20:15.420] [INFO] insurance - Premium calulating for gender Male for slab MALE with 2 % = 6788.1
[2021-01-04T23:20:15.420] [INFO] insurance - Premium calulating for existing condition hypertension with 1 % = 6855.981000000001
[2021-01-04T23:20:15.424] [INFO] insurance - 1 document inserted5ff3322fe2a02c2ad89b7e44
[2021-01-04T23:20:15.563] [INFO] insurance - *** ValidateData.isValidRequestData -- TRUE: 
[2021-01-04T23:20:15.563] [INFO] insurance - Premium calulating for age 34 for slab 18-25 with 10 % = 5500
[2021-01-04T23:20:15.563] [INFO] insurance - Premium calulating for age 34 for slab 26-30 with 10 % = 6050
[2021-01-04T23:20:15.563] [INFO] insurance - Premium calulating for age 34 for slab 31-35 with 10 % = 6655
[2021-01-04T23:20:15.563] [INFO] insurance - Premium calulating for gender Male for slab MALE with 2 % = 6788.1
[2021-01-04T23:20:15.563] [INFO] insurance - Premium calulating for existing condition hypertension with 1 % = 6855.981000000001
[2021-01-04T23:20:15.565] [INFO] insurance - 1 document inserted5ff3322fe2a02c2ad89b7e45
[2021-01-04T23:20:15.784] [INFO] insurance - *** ValidateData.isValidRequestData -- TRUE: 
[2021-01-04T23:20:15.785] [INFO] insurance - Premium calulating for age 34 for slab 18-25 with 10 % = 5500
[2021-01-04T23:20:15.785] [INFO] insurance - Premium calulating for age 34 for slab 26-30 with 10 % = 6050
[2021-01-04T23:20:15.785] [INFO] insurance - Premium calulating for age 34 for slab 31-35 with 10 % = 6655
[2021-01-04T23:20:15.785] [INFO] insurance - Premium calulating for gender Male for slab MALE with 2 % = 6788.1
[2021-01-04T23:20:15.785] [INFO] insurance - Premium calulating for existing condition hypertension with 1 % = 6855.981000000001
[2021-01-04T23:20:15.791] [INFO] insurance - 1 document inserted5ff3322fe2a02c2ad89b7e46
[2021-01-04T23:20:21.227] [INFO] insurance - *** ValidateData.isValidRequestData -- TRUE: 
[2021-01-04T23:20:21.227] [INFO] insurance - Premium calulating for age 34 for slab 18-25 with 10 % = 5500
[2021-01-04T23:20:21.228] [INFO] insurance - Premium calulating for age 34 for slab 26-30 with 10 % = 6050
[2021-01-04T23:20:21.228] [INFO] insurance - Premium calulating for age 34 for slab 31-35 with 10 % = 6655
[2021-01-04T23:20:21.228] [INFO] insurance - Premium calulating for gender Male for slab MALE with 2 % = 6788.1
[2021-01-04T23:20:21.228] [INFO] insurance - Premium calulating for existing condition hypertension with 1 % = 6855.981000000001
[2021-01-04T23:20:21.231] [INFO] insurance - 1 document inserted5ff33235e2a02c2ad89b7e47
[2021-01-04T23:20:36.649] [INFO] insurance - Express server listening on port 8001
[2021-01-04T23:20:40.157] [INFO] insurance - *** ValidateData.isValidRequestData -- TRUE: 
[2021-01-04T23:20:40.158] [INFO] insurance - Premium calulating for age 34 for slab 18-25 with 10 % = 5500
[2021-01-04T23:20:40.158] [INFO] insurance - Premium calulating for age 34 for slab 26-30 with 10 % = 6050
[2021-01-04T23:20:40.158] [INFO] insurance - Premium calulating for age 34 for slab 31-35 with 10 % = 6655
[2021-01-04T23:20:40.159] [INFO] insurance - Premium calulating for gender Male for slab MALE with 2 % = 6788.1
[2021-01-04T23:20:40.159] [INFO] insurance - Premium calulating for existing condition hypertension with 1 % = 6855.981000000001
[2021-01-04T23:20:40.164] [INFO] insurance - 1 document inserted5ff33248ff7e1710f0526cec
[2021-01-04T23:21:36.742] [INFO] insurance - Express server listening on port 8001
[2021-01-04T23:21:40.202] [INFO] insurance - Express server listening on port 8001
[2021-01-04T23:21:46.149] [INFO] insurance - *** ValidateData.isValidRequestData -- TRUE: 
[2021-01-04T23:21:46.150] [INFO] insurance - Premium calulating for age 34 for slab 18-25 with 10 % = 5500
[2021-01-04T23:21:46.150] [INFO] insurance - Premium calulating for age 34 for slab 26-30 with 10 % = 6050
[2021-01-04T23:21:46.151] [INFO] insurance - Premium calulating for age 34 for slab 31-35 with 10 % = 6655
[2021-01-04T23:21:46.151] [INFO] insurance - Premium calulating for gender Male for slab MALE with 2 % = 6788.1
[2021-01-04T23:21:46.151] [INFO] insurance - Premium calulating for existing condition hypertension with 1 % = 6855.981000000001
[2021-01-04T23:21:46.158] [INFO] insurance - 1 document inserted5ff3328a4654f2505c1b37e4
[2021-01-04T23:21:51.231] [INFO] insurance - *** ValidateData.isValidRequestData -- TRUE: 
[2021-01-04T23:21:51.231] [INFO] insurance - Premium calulating for age 34 for slab 18-25 with 10 % = 5500
[2021-01-04T23:21:51.231] [INFO] insurance - Premium calulating for age 34 for slab 26-30 with 10 % = 6050
[2021-01-04T23:21:51.231] [INFO] insurance - Premium calulating for age 34 for slab 31-35 with 10 % = 6655
[2021-01-04T23:21:51.231] [INFO] insurance - Premium calulating for gender Male for slab MALE with 2 % = 6788.1
[2021-01-04T23:21:51.232] [INFO] insurance - Premium calulating for existing condition hypertension with 1 % = 6855.981000000001
[2021-01-04T23:21:51.236] [INFO] insurance - 1 document inserted5ff3328f4654f2505c1b37e5
[2021-01-04T23:22:26.438] [INFO] insurance - *** ValidateData.isValidRequestData -- TRUE: 
[2021-01-04T23:22:26.438] [INFO] insurance - Premium calulating for age 34 for slab 18-25 with 10 % = 5500
[2021-01-04T23:22:26.438] [INFO] insurance - Premium calulating for age 34 for slab 26-30 with 10 % = 6050
[2021-01-04T23:22:26.438] [INFO] insurance - Premium calulating for age 34 for slab 31-35 with 10 % = 6655
[2021-01-04T23:22:26.438] [INFO] insurance - Premium calulating for gender Male for slab MALE with 2 % = 6788.1
[2021-01-04T23:22:26.438] [INFO] insurance - Premium calulating for existing condition hypertension with 1 % = 6855.981000000001
[2021-01-04T23:22:26.439] [INFO] insurance - 1 document inserted5ff332b24654f2505c1b37e6
[2021-01-04T23:22:41.551] [INFO] insurance - Express server listening on port 8001
[2021-01-04T23:22:45.529] [INFO] insurance - *** ValidateData.isValidRequestData -- TRUE: 
[2021-01-04T23:22:45.529] [INFO] insurance - Premium calulating for age 34 for slab 18-25 with 10 % = 5500
[2021-01-04T23:22:45.529] [INFO] insurance - Premium calulating for age 34 for slab 26-30 with 10 % = 6050
[2021-01-04T23:22:45.530] [INFO] insurance - Premium calulating for age 34 for slab 31-35 with 10 % = 6655
[2021-01-04T23:22:45.531] [INFO] insurance - Premium calulating for gender Male for slab MALE with 2 % = 6788.1
[2021-01-04T23:22:45.531] [INFO] insurance - Premium calulating for existing condition hypertension with 1 % = 6855.981000000001
[2021-01-04T23:22:45.537] [INFO] insurance - 1 document inserted5ff332c5c3f4006350a91cfd
[2021-01-04T23:23:03.878] [INFO] insurance - Express server listening on port 8001
[2021-01-04T23:23:08.131] [INFO] insurance - *** ValidateData.isValidRequestData -- TRUE: 
[2021-01-04T23:23:08.131] [INFO] insurance - Premium calulating for age 34 for slab 18-25 with 10 % = 5500
[2021-01-04T23:23:08.131] [INFO] insurance - Premium calulating for age 34 for slab 26-30 with 10 % = 6050
[2021-01-04T23:23:08.131] [INFO] insurance - Premium calulating for age 34 for slab 31-35 with 10 % = 6655
[2021-01-04T23:23:08.132] [INFO] insurance - Premium calulating for gender Male for slab MALE with 2 % = 6788.1
[2021-01-04T23:23:08.132] [INFO] insurance - Premium calulating for existing condition hypertension with 1 % = 6855.981000000001
[2021-01-04T23:23:08.137] [INFO] insurance - 1 document inserted5ff332dc034b1859d4c4992a
[2021-01-04T23:23:33.936] [INFO] insurance - Express server listening on port 8001
[2021-01-04T23:23:45.625] [INFO] insurance - Express server listening on port 8001
[2021-01-04T23:23:49.457] [INFO] insurance - *** ValidateData.isValidRequestData -- TRUE: 
[2021-01-04T23:23:49.457] [INFO] insurance - Premium calulating for age 34 for slab 18-25 with 10 % = 5500
[2021-01-04T23:23:49.457] [INFO] insurance - Premium calulating for age 34 for slab 26-30 with 10 % = 6050
[2021-01-04T23:23:49.457] [INFO] insurance - Premium calulating for age 34 for slab 31-35 with 10 % = 6655
[2021-01-04T23:23:49.458] [INFO] insurance - Premium calulating for gender Male for slab MALE with 2 % = 6788.1
[2021-01-04T23:23:49.458] [INFO] insurance - Premium calulating for existing condition hypertension with 1 % = 6855.981000000001
[2021-01-04T23:23:49.464] [INFO] insurance - 1 document inserted5ff3330556382944a4750ab3
[2021-01-04T23:24:12.635] [INFO] insurance - Express server listening on port 8001
[2021-01-04T23:24:18.189] [INFO] insurance - *** ValidateData.isValidRequestData -- TRUE: 
[2021-01-04T23:24:18.190] [INFO] insurance - Premium calulating for age 34 for slab 18-25 with 10 % = 5500
[2021-01-04T23:24:18.190] [INFO] insurance - Premium calulating for age 34 for slab 26-30 with 10 % = 6050
[2021-01-04T23:24:18.190] [INFO] insurance - Premium calulating for age 34 for slab 31-35 with 10 % = 6655
[2021-01-04T23:24:18.191] [INFO] insurance - Premium calulating for gender Male for slab MALE with 2 % = 6788.1
[2021-01-04T23:24:18.191] [INFO] insurance - Premium calulating for existing condition hypertension with 1 % = 6855.981000000001
[2021-01-04T23:24:18.197] [INFO] insurance - 1 document inserted5ff3332267154c0894feebd9
[2021-01-04T23:24:48.059] [INFO] insurance - Express server listening on port 8001
[2021-01-04T23:24:59.967] [INFO] insurance - Express server listening on port 8001
[2021-01-04T23:25:03.707] [INFO] insurance - *** ValidateData.isValidRequestData -- TRUE: 
[2021-01-04T23:25:03.707] [INFO] insurance - Premium calulating for age 34 for slab 18-25 with 10 % = 5500
[2021-01-04T23:25:03.707] [INFO] insurance - Premium calulating for age 34 for slab 26-30 with 10 % = 6050
[2021-01-04T23:25:03.708] [INFO] insurance - Premium calulating for age 34 for slab 31-35 with 10 % = 6655
[2021-01-04T23:25:03.708] [INFO] insurance - Premium calulating for gender Male for slab MALE with 2 % = 6788.1
[2021-01-04T23:25:03.708] [INFO] insurance - Premium calulating for existing condition hypertension with 1 % = 6855.981000000001
[2021-01-04T23:25:03.713] [INFO] insurance - 1 document inserted5ff3334f8a858b41ec6559e6
[2021-01-04T23:25:05.700] [INFO] insurance - *** ValidateData.isValidRequestData -- TRUE: 
[2021-01-04T23:25:05.700] [INFO] insurance - Premium calulating for age 34 for slab 18-25 with 10 % = 5500
[2021-01-04T23:25:05.700] [INFO] insurance - Premium calulating for age 34 for slab 26-30 with 10 % = 6050
[2021-01-04T23:25:05.700] [INFO] insurance - Premium calulating for age 34 for slab 31-35 with 10 % = 6655
[2021-01-04T23:25:05.700] [INFO] insurance - Premium calulating for gender Male for slab MALE with 2 % = 6788.1
[2021-01-04T23:25:05.700] [INFO] insurance - Premium calulating for existing condition hypertension with 1 % = 6855.981000000001
[2021-01-04T23:25:05.703] [INFO] insurance - 1 document inserted5ff333518a858b41ec6559e7
[2021-01-04T23:25:29.384] [INFO] insurance - Express server listening on port 8001
[2021-01-04T23:25:32.414] [INFO] insurance - *** ValidateData.isValidRequestData -- TRUE: 
[2021-01-04T23:25:32.415] [INFO] insurance - Premium calulating for age 34 for slab 18-25 with 10 % = 5500
[2021-01-04T23:25:32.415] [INFO] insurance - Premium calulating for age 34 for slab 26-30 with 10 % = 6050
[2021-01-04T23:25:32.415] [INFO] insurance - Premium calulating for age 34 for slab 31-35 with 10 % = 6655
[2021-01-04T23:25:32.415] [INFO] insurance - Premium calulating for gender Male for slab MALE with 2 % = 6788.1
[2021-01-04T23:25:32.416] [INFO] insurance - Premium calulating for existing condition hypertension with 1 % = 6855.981000000001
[2021-01-04T23:25:32.421] [INFO] insurance - 1 document inserted5ff3336cf6c51661eca262f9
[2021-01-04T23:25:47.862] [INFO] insurance - Express server listening on port 8001
[2021-01-04T23:26:10.357] [INFO] insurance - *** ValidateData.isValidRequestData -- TRUE: 
[2021-01-04T23:26:10.357] [INFO] insurance - Premium calulating for age 34 for slab 18-25 with 10 % = 5500
[2021-01-04T23:26:10.357] [INFO] insurance - Premium calulating for age 34 for slab 26-30 with 10 % = 6050
[2021-01-04T23:26:10.358] [INFO] insurance - Premium calulating for age 34 for slab 31-35 with 10 % = 6655
[2021-01-04T23:26:10.358] [INFO] insurance - Premium calulating for gender Male for slab MALE with 2 % = 6788.1
[2021-01-04T23:26:10.358] [INFO] insurance - Premium calulating for existing condition hypertension with 1 % = 6855.981000000001
[2021-01-04T23:26:10.366] [INFO] insurance - 1 document inserted5ff333925ec38707987b715d
[2021-01-04T23:26:12.639] [INFO] insurance - *** ValidateData.isValidRequestData -- TRUE: 
[2021-01-04T23:26:12.639] [INFO] insurance - Premium calulating for age 34 for slab 18-25 with 10 % = 5500
[2021-01-04T23:26:12.639] [INFO] insurance - Premium calulating for age 34 for slab 26-30 with 10 % = 6050
[2021-01-04T23:26:12.639] [INFO] insurance - Premium calulating for age 34 for slab 31-35 with 10 % = 6655
[2021-01-04T23:26:12.639] [INFO] insurance - Premium calulating for gender Male for slab MALE with 2 % = 6788.1
[2021-01-04T23:26:12.639] [INFO] insurance - Premium calulating for existing condition hypertension with 1 % = 6855.981000000001
[2021-01-04T23:26:12.642] [INFO] insurance - 1 document inserted5ff333945ec38707987b715e
[2021-01-04T23:26:30.285] [INFO] insurance - Express server listening on port 8001
[2021-01-04T23:26:32.792] [INFO] insurance - *** ValidateData.isValidRequestData -- TRUE: 
[2021-01-04T23:26:32.792] [INFO] insurance - Premium calulating for age 34 for slab 18-25 with 10 % = 5500
[2021-01-04T23:26:32.792] [INFO] insurance - Premium calulating for age 34 for slab 26-30 with 10 % = 6050
[2021-01-04T23:26:32.793] [INFO] insurance - Premium calulating for age 34 for slab 31-35 with 10 % = 6655
[2021-01-04T23:26:32.793] [INFO] insurance - Premium calulating for gender Male for slab MALE with 2 % = 6788.1
[2021-01-04T23:26:32.794] [INFO] insurance - Premium calulating for existing condition hypertension with 1 % = 6855.981000000001
[2021-01-04T23:26:32.799] [INFO] insurance - 1 document inserted5ff333a8b65c8f239c686166
[2021-01-04T23:27:03.867] [INFO] insurance - *** ValidateData.isValidRequestData -- TRUE: 
[2021-01-04T23:27:03.868] [INFO] insurance - Premium calulating for age 34 for slab 18-25 with 10 % = 5500
[2021-01-04T23:27:03.868] [INFO] insurance - Premium calulating for age 34 for slab 26-30 with 10 % = 6050
[2021-01-04T23:27:03.868] [INFO] insurance - Premium calulating for age 34 for slab 31-35 with 10 % = 6655
[2021-01-04T23:27:03.868] [INFO] insurance - Premium calulating for gender Male for slab MALE with 2 % = 6788.1
[2021-01-04T23:27:03.868] [INFO] insurance - Premium calulating for existing condition hypertension with 1 % = 6855.981000000001
[2021-01-04T23:27:03.873] [INFO] insurance - 1 document inserted5ff333c7b65c8f239c686167
[2021-01-04T23:27:08.625] [INFO] insurance - *** ValidateData.isValidRequestData -- TRUE: 
[2021-01-04T23:27:08.625] [INFO] insurance - Premium calulating for age 34 for slab 18-25 with 10 % = 5500
[2021-01-04T23:27:08.625] [INFO] insurance - Premium calulating for age 34 for slab 26-30 with 10 % = 6050
[2021-01-04T23:27:08.625] [INFO] insurance - Premium calulating for age 34 for slab 31-35 with 10 % = 6655
[2021-01-04T23:27:08.625] [INFO] insurance - Premium calulating for gender Male for slab MALE with 2 % = 6788.1
[2021-01-04T23:27:08.625] [INFO] insurance - Premium calulating for existing condition hypertension with 1 % = 6855.981000000001
[2021-01-04T23:27:08.628] [INFO] insurance - 1 document inserted5ff333ccb65c8f239c686168
[2021-01-04T23:27:26.778] [INFO] insurance - Express server listening on port 8001
[2021-01-04T23:27:31.207] [INFO] insurance - *** ValidateData.isValidRequestData -- ERROR :
{"path":["name"],"property":"instance.name","message":"is required","schema":{"required":true,"type":"string"},"name":"required","stack":"instance.name is required"}
[2021-01-04T23:27:31.208] [INFO] insurance - *** ValidateData.isValidRequestData -- ERROR :
{"path":["age"],"property":"instance.age","message":"is required","schema":{"required":true,"type":"integer","minimum":1},"name":"required","stack":"instance.age is required"}
[2021-01-04T23:27:31.208] [INFO] insurance - *** ValidateData.isValidRequestData -- ERROR :
{"path":["gender"],"property":"instance.gender","message":"is required","schema":{"required":true,"type":"string","enum":["Male","Female","Others"]},"name":"required","stack":"instance.gender is required"}
[2021-01-04T23:27:31.208] [ERROR] insurance - Error at schema validation
[2021-01-04T23:27:43.420] [INFO] insurance - Express server listening on port 8001
[2021-01-04T23:27:46.885] [INFO] insurance - *** ValidateData.isValidRequestData -- ERROR :
{"path":["name"],"property":"instance.name","message":"is required","schema":{"required":true,"type":"string"},"name":"required","stack":"instance.name is required"}
[2021-01-04T23:27:46.885] [INFO] insurance - *** ValidateData.isValidRequestData -- ERROR :
{"path":["age"],"property":"instance.age","message":"is required","schema":{"required":true,"type":"integer","minimum":1},"name":"required","stack":"instance.age is required"}
[2021-01-04T23:27:46.885] [INFO] insurance - *** ValidateData.isValidRequestData -- ERROR :
{"path":["gender"],"property":"instance.gender","message":"is required","schema":{"required":true,"type":"string","enum":["Male","Female","Others"]},"name":"required","stack":"instance.gender is required"}
[2021-01-04T23:27:46.885] [ERROR] insurance - Error at schema validation
[2021-01-04T23:28:03.951] [INFO] insurance - Express server listening on port 8001
[2021-01-04T23:28:13.433] [INFO] insurance - Express server listening on port 8001
[2021-01-04T23:29:01.332] [INFO] insurance - *** ValidateData.isValidRequestData -- TRUE: 
[2021-01-04T23:29:01.332] [INFO] insurance - Premium calulating for age 34 for slab 18-25 with 10 % = 5500
[2021-01-04T23:29:01.332] [INFO] insurance - Premium calulating for age 34 for slab 26-30 with 10 % = 6050
[2021-01-04T23:29:01.333] [INFO] insurance - Premium calulating for age 34 for slab 31-35 with 10 % = 6655
[2021-01-04T23:29:01.333] [INFO] insurance - Premium calulating for gender Male for slab MALE with 2 % = 6788.1
[2021-01-04T23:29:01.333] [INFO] insurance - Premium calulating for existing condition hypertension with 1 % = 6855.981000000001
[2021-01-04T23:29:01.339] [INFO] insurance - 1 document inserted5ff3343d613855691c1b1230
[2021-01-04T23:29:41.414] [INFO] insurance - Express server listening on port 8001
[2021-01-04T23:29:49.634] [INFO] insurance - *** ValidateData.isValidRequestData -- TRUE: 
[2021-01-04T23:29:49.634] [INFO] insurance - Premium calulating for age 34 for slab 18-25 with 10 % = 5500
[2021-01-04T23:29:49.634] [INFO] insurance - Premium calulating for age 34 for slab 26-30 with 10 % = 6050
[2021-01-04T23:29:49.635] [INFO] insurance - Premium calulating for age 34 for slab 31-35 with 10 % = 6655
[2021-01-04T23:29:49.635] [INFO] insurance - Premium calulating for gender Male for slab MALE with 2 % = 6788.1
[2021-01-04T23:29:49.635] [INFO] insurance - Premium calulating for existing condition hypertension with 1 % = 6855.981000000001
[2021-01-04T23:29:49.640] [INFO] insurance - 1 document inserted5ff3346da0677b62b857effa
[2021-01-04T23:30:46.982] [INFO] insurance - Express server listening on port 8001
[2021-01-04T23:30:53.756] [INFO] insurance - *** ValidateData.isValidRequestData -- TRUE: 
[2021-01-04T23:30:53.757] [INFO] insurance - Premium calulating for age 34 for slab 18-25 with 10 % = 5500
[2021-01-04T23:30:53.757] [INFO] insurance - Premium calulating for age 34 for slab 26-30 with 10 % = 6050
[2021-01-04T23:30:53.757] [INFO] insurance - Premium calulating for age 34 for slab 31-35 with 10 % = 6655
[2021-01-04T23:30:53.757] [INFO] insurance - Premium calulating for gender Male for slab MALE with 2 % = 6788.1
[2021-01-04T23:30:53.757] [INFO] insurance - Premium calulating for existing condition hypertension with 1 % = 6855.981000000001
[2021-01-04T23:30:53.764] [INFO] insurance - 1 document inserted5ff334ad5090811d30a4d9f0
[2021-01-04T23:33:20.693] [INFO] insurance - Express server listening on port 8001
[2021-01-04T23:33:25.600] [INFO] insurance - *** ValidateData.isValidRequestData -- TRUE: 
[2021-01-04T23:33:25.600] [INFO] insurance - Premium calulating for age 34 for slab 18-25 with 10 % = 5500
[2021-01-04T23:33:25.600] [INFO] insurance - Premium calulating for age 34 for slab 26-30 with 10 % = 6050
[2021-01-04T23:33:25.601] [INFO] insurance - Premium calulating for age 34 for slab 31-35 with 10 % = 6655
[2021-01-04T23:33:25.601] [INFO] insurance - Premium calulating for gender Male for slab MALE with 2 % = 6788.1
[2021-01-04T23:33:25.602] [INFO] insurance - Premium calulating for existing condition hypertension with 1 % = 6855.981000000001
[2021-01-04T23:33:25.609] [INFO] insurance - 1 document inserted5ff33545e7e90337e8e3b978
[2021-01-04T23:33:46.468] [INFO] insurance - Express server listening on port 8001
[2021-01-04T23:33:53.147] [INFO] insurance - *** ValidateData.isValidRequestData -- TRUE: 
[2021-01-04T23:33:53.148] [INFO] insurance - Premium calulating for age 34 for slab 18-25 with 10 % = 5500
[2021-01-04T23:33:53.148] [INFO] insurance - Premium calulating for age 34 for slab 26-30 with 10 % = 6050
[2021-01-04T23:33:53.149] [INFO] insurance - Premium calulating for age 34 for slab 31-35 with 10 % = 6655
[2021-01-04T23:33:53.149] [INFO] insurance - Premium calulating for gender Male for slab MALE with 2 % = 6788.1
[2021-01-04T23:33:53.150] [INFO] insurance - Premium calulating for existing condition hypertension with 1 % = 6855.981000000001
[2021-01-04T23:33:53.155] [INFO] insurance - 1 document inserted5ff33561c4a96a05d8e930c6
[2021-01-04T23:34:02.759] [INFO] insurance - Express server listening on port 8001
[2021-01-04T23:34:05.559] [INFO] insurance - *** ValidateData.isValidRequestData -- TRUE: 
[2021-01-04T23:34:05.560] [INFO] insurance - Premium calulating for age 34 for slab 18-25 with 10 % = 5500
[2021-01-04T23:34:05.560] [INFO] insurance - Premium calulating for age 34 for slab 26-30 with 10 % = 6050
[2021-01-04T23:34:05.560] [INFO] insurance - Premium calulating for age 34 for slab 31-35 with 10 % = 6655
[2021-01-04T23:34:05.560] [INFO] insurance - Premium calulating for gender Male for slab MALE with 2 % = 6788.1
[2021-01-04T23:34:05.560] [INFO] insurance - Premium calulating for existing condition hypertension with 1 % = 6855.981000000001
[2021-01-04T23:34:05.565] [INFO] insurance - 1 document inserted5ff3356d8ce9964798d9fec6
[2021-01-04T23:34:29.402] [INFO] insurance - *** ValidateData.isValidRequestData -- TRUE: 
[2021-01-04T23:34:29.402] [INFO] insurance - Premium calulating for age 34 for slab 18-25 with 10 % = 5500
[2021-01-04T23:34:29.402] [INFO] insurance - Premium calulating for age 34 for slab 26-30 with 10 % = 6050
[2021-01-04T23:34:29.403] [INFO] insurance - Premium calulating for age 34 for slab 31-35 with 10 % = 6655
[2021-01-04T23:34:29.403] [INFO] insurance - Premium calulating for gender Male for slab MALE with 2 % = 6788.1
[2021-01-04T23:34:29.403] [INFO] insurance - Premium calulating for existing condition hypertension with 1 % = 6855.981000000001
[2021-01-04T23:34:29.406] [INFO] insurance - 1 document inserted5ff335858ce9964798d9fec7
[2021-01-04T23:34:32.436] [INFO] insurance - *** ValidateData.isValidRequestData -- TRUE: 
[2021-01-04T23:34:32.436] [INFO] insurance - Premium calulating for age 34 for slab 18-25 with 10 % = 5500
[2021-01-04T23:34:32.436] [INFO] insurance - Premium calulating for age 34 for slab 26-30 with 10 % = 6050
[2021-01-04T23:34:32.436] [INFO] insurance - Premium calulating for age 34 for slab 31-35 with 10 % = 6655
[2021-01-04T23:34:32.436] [INFO] insurance - Premium calulating for gender Male for slab MALE with 2 % = 6788.1
[2021-01-04T23:34:32.436] [INFO] insurance - Premium calulating for existing condition hypertension with 1 % = 6855.981000000001
[2021-01-04T23:34:32.438] [INFO] insurance - 1 document inserted5ff335888ce9964798d9fec8
[2021-01-04T23:34:43.797] [INFO] insurance - *** ValidateData.isValidRequestData -- TRUE: 
[2021-01-04T23:34:43.797] [INFO] insurance - Premium calulating for age 34 for slab 18-25 with 10 % = 5500
[2021-01-04T23:34:43.797] [INFO] insurance - Premium calulating for age 34 for slab 26-30 with 10 % = 6050
[2021-01-04T23:34:43.797] [INFO] insurance - Premium calulating for age 34 for slab 31-35 with 10 % = 6655
[2021-01-04T23:34:43.797] [INFO] insurance - Premium calulating for gender Male for slab MALE with 2 % = 6788.1
[2021-01-04T23:34:43.797] [INFO] insurance - Premium calulating for existing condition hypertension with 1 % = 6855.981000000001
[2021-01-04T23:34:43.801] [INFO] insurance - 1 document inserted5ff335938ce9964798d9fec9
[2021-01-04T23:35:17.623] [INFO] insurance - Express server listening on port 8001
[2021-01-04T23:35:22.033] [INFO] insurance - *** ValidateData.isValidRequestData -- TRUE: 
[2021-01-04T23:35:22.034] [INFO] insurance - Premium calulating for age 34 for slab 18-25 with 10 % = 5500
[2021-01-04T23:35:22.034] [INFO] insurance - Premium calulating for age 34 for slab 26-30 with 10 % = 6050
[2021-01-04T23:35:22.034] [INFO] insurance - Premium calulating for age 34 for slab 31-35 with 10 % = 6655
[2021-01-04T23:35:22.034] [INFO] insurance - Premium calulating for gender Male for slab MALE with 2 % = 6788.1
[2021-01-04T23:35:22.035] [INFO] insurance - Premium calulating for existing condition hypertension with 1 % = 6855.981000000001
[2021-01-04T23:35:22.040] [INFO] insurance - 1 document inserted5ff335badb3b4139005e3f4b
[2021-01-04T23:35:46.787] [INFO] insurance - *** ValidateData.isValidRequestData -- TRUE: 
[2021-01-04T23:35:46.787] [INFO] insurance - Premium calulating for age 34 for slab 18-25 with 10 % = 5500
[2021-01-04T23:35:46.787] [INFO] insurance - Premium calulating for age 34 for slab 26-30 with 10 % = 6050
[2021-01-04T23:35:46.787] [INFO] insurance - Premium calulating for age 34 for slab 31-35 with 10 % = 6655
[2021-01-04T23:35:46.787] [INFO] insurance - Premium calulating for gender Male for slab MALE with 2 % = 6788.1
[2021-01-04T23:35:46.788] [INFO] insurance - Premium calulating for existing condition hypertension with 1 % = 6855.981000000001
[2021-01-04T23:35:46.791] [INFO] insurance - 1 document inserted5ff335d2db3b4139005e3f4c
[2021-01-04T23:37:17.833] [INFO] insurance - *** ValidateData.isValidRequestData -- TRUE: 
[2021-01-04T23:37:17.833] [INFO] insurance - Premium calulating for age 34 for slab 18-25 with 10 % = 5500
[2021-01-04T23:37:17.833] [INFO] insurance - Premium calulating for age 34 for slab 26-30 with 10 % = 6050
[2021-01-04T23:37:17.833] [INFO] insurance - Premium calulating for age 34 for slab 31-35 with 10 % = 6655
[2021-01-04T23:37:17.833] [INFO] insurance - Premium calulating for gender Male for slab MALE with 2 % = 6788.1
[2021-01-04T23:37:17.833] [INFO] insurance - Premium calulating for existing condition hypertension with 1 % = 6855.981000000001
[2021-01-04T23:37:17.838] [INFO] insurance - 1 document inserted5ff3362ddb3b4139005e3f4d
[2021-01-04T23:38:50.093] [INFO] insurance - *** ValidateData.isValidRequestData -- TRUE: 
[2021-01-04T23:38:50.093] [INFO] insurance - Premium calulating for age 34 for slab 18-25 with 10 % = 5500
[2021-01-04T23:38:50.093] [INFO] insurance - Premium calulating for age 34 for slab 26-30 with 10 % = 6050
[2021-01-04T23:38:50.093] [INFO] insurance - Premium calulating for age 34 for slab 31-35 with 10 % = 6655
[2021-01-04T23:38:50.093] [INFO] insurance - Premium calulating for gender Male for slab MALE with 2 % = 6788.1
[2021-01-04T23:38:50.093] [INFO] insurance - Premium calulating for existing condition hypertension with 1 % = 6855.981000000001
[2021-01-04T23:38:50.096] [INFO] insurance - 1 document inserted5ff3368adb3b4139005e3f4e
[2021-01-04T23:39:26.218] [INFO] insurance - Express server listening on port 8001
[2021-01-04T23:40:09.007] [INFO] insurance - Express server listening on port 8001
[2021-01-04T23:41:51.416] [INFO] insurance - Express server listening on port 8001
[2021-01-04T23:41:59.272] [INFO] insurance - *** ValidateData.isValidRequestData -- TRUE: 
[2021-01-04T23:41:59.272] [INFO] insurance - Premium calulating for age 34 for slab 18-25 with 10 % = 5500
[2021-01-04T23:41:59.272] [INFO] insurance - Premium calulating for age 34 for slab 26-30 with 10 % = 6050
[2021-01-04T23:41:59.272] [INFO] insurance - Premium calulating for age 34 for slab 31-35 with 10 % = 6655
[2021-01-04T23:41:59.273] [INFO] insurance - Premium calulating for gender Male for slab MALE with 2 % = 6788.1
[2021-01-04T23:41:59.273] [INFO] insurance - Premium calulating for existing condition hypertension with 1 % = 6855.981000000001
[2021-01-04T23:41:59.277] [INFO] insurance - 1 document inserted5ff337474a70a34b248413eb
